
2024/04/04 (04:19:02) | ===> btop++ v.1.3.2
2024/04/04 (04:19:02) | WARNING: NVML: Failed to get maximum GPU power draw, defaulting to 225W: Not Supported

2024/04/04 (05:06:02) | ===> btop++ v.1.3.2
2024/04/04 (05:06:02) | WARNING: NVML: Failed to get maximum GPU power draw, defaulting to 225W: Not Supported

2024/04/04 (05:31:33) | ===> btop++ v.1.3.2
2024/04/04 (05:31:33) | WARNING: NVML: Failed to get maximum GPU power draw, defaulting to 225W: Not Supported

2024/04/04 (05:31:44) | ===> btop++ v.1.3.2
2024/04/04 (05:31:44) | WARNING: NVML: Failed to get maximum GPU power draw, defaulting to 225W: Not Supported

2024/04/04 (05:54:50) | ===> btop++ v.1.3.2
2024/04/04 (05:54:50) | WARNING: NVML: Failed to get maximum GPU power draw, defaulting to 225W: Not Supported

2024/04/04 (05:55:00) | ===> btop++ v.1.3.2
2024/04/04 (05:55:00) | WARNING: NVML: Failed to get maximum GPU power draw, defaulting to 225W: Not Supported

2024/04/04 (06:01:36) | ===> btop++ v.1.3.2
2024/04/04 (06:01:36) | WARNING: NVML: Failed to get maximum GPU power draw, defaulting to 225W: Not Supported

2024/04/04 (06:35:49) | ===> btop++ v.1.3.2
2024/04/04 (06:35:49) | WARNING: NVML: Failed to get maximum GPU power draw, defaulting to 225W: Not Supported

2024/04/04 (11:00:08) | ===> btop++ v.1.3.2
2024/04/04 (11:00:08) | WARNING: NVML: Failed to get maximum GPU power draw, defaulting to 225W: Not Supported

2024/04/04 (11:26:11) | ===> btop++ v.1.3.2
2024/04/04 (11:26:11) | WARNING: NVML: Failed to get maximum GPU power draw, defaulting to 225W: Not Supported

2024/04/04 (11:26:14) | ===> btop++ v.1.3.2
2024/04/04 (11:26:14) | WARNING: NVML: Failed to get maximum GPU power draw, defaulting to 225W: Not Supported

2024/04/04 (11:29:45) | ===> btop++ v.1.3.2
2024/04/04 (11:29:45) | WARNING: NVML: Failed to get maximum GPU power draw, defaulting to 225W: Not Supported

2024/04/04 (11:34:30) | ===> btop++ v.1.3.2
2024/04/04 (11:34:30) | WARNING: NVML: Failed to get maximum GPU power draw, defaulting to 225W: Not Supported

2024/04/04 (11:46:38) | ===> btop++ v.1.3.2
2024/04/04 (11:46:38) | WARNING: NVML: Failed to get maximum GPU power draw, defaulting to 225W: Not Supported

2024/04/04 (11:53:47) | ===> btop++ v.1.3.2
2024/04/04 (11:53:47) | WARNING: NVML: Failed to get maximum GPU power draw, defaulting to 225W: Not Supported

2024/04/04 (11:54:54) | ===> btop++ v.1.3.2
2024/04/04 (11:54:54) | WARNING: NVML: Failed to get maximum GPU power draw, defaulting to 225W: Not Supported

2024/04/04 (11:54:56) | ===> btop++ v.1.3.2
2024/04/04 (11:54:56) | WARNING: NVML: Failed to get maximum GPU power draw, defaulting to 225W: Not Supported

2024/04/04 (11:54:58) | ===> btop++ v.1.3.2
2024/04/04 (11:54:58) | WARNING: NVML: Failed to get maximum GPU power draw, defaulting to 225W: Not Supported

2024/04/04 (12:01:14) | ===> btop++ v.1.3.2
2024/04/04 (12:01:14) | WARNING: NVML: Failed to get maximum GPU power draw, defaulting to 225W: Not Supported

2024/04/04 (12:14:34) | ===> btop++ v.1.3.2
2024/04/04 (12:14:34) | WARNING: NVML: Failed to get maximum GPU power draw, defaulting to 225W: Not Supported

2024/04/04 (12:16:27) | ===> btop++ v.1.3.2
2024/04/04 (12:16:27) | WARNING: NVML: Failed to get maximum GPU power draw, defaulting to 225W: Not Supported

2024/04/04 (12:30:10) | ===> btop++ v.1.3.2
2024/04/04 (12:30:10) | WARNING: NVML: Failed to get maximum GPU power draw, defaulting to 225W: Not Supported

2024/04/04 (12:33:08) | ===> btop++ v.1.3.2
2024/04/04 (12:33:08) | WARNING: NVML: Failed to get maximum GPU power draw, defaulting to 225W: Not Supported

2024/04/04 (12:43:43) | ===> btop++ v.1.3.2
2024/04/04 (12:43:43) | WARNING: NVML: Failed to get maximum GPU power draw, defaulting to 225W: Not Supported

2024/04/04 (13:12:24) | ===> btop++ v.1.3.2
2024/04/04 (13:12:24) | WARNING: NVML: Failed to get maximum GPU power draw, defaulting to 225W: Not Supported

2024/04/04 (17:28:53) | ===> btop++ v.1.3.2
2024/04/04 (17:28:53) | WARNING: NVML: Failed to get maximum GPU power draw, defaulting to 225W: Not Supported

2024/04/04 (15:52:03) | ===> btop++ v.1.3.2
2024/04/04 (15:52:03) | WARNING: NVML: Failed to get maximum GPU power draw, defaulting to 225W: Not Supported

2024/04/04 (15:57:47) | ===> btop++ v.1.3.2
2024/04/04 (15:57:47) | WARNING: NVML: Failed to get maximum GPU power draw, defaulting to 225W: Not Supported

2024/04/04 (16:17:03) | ===> btop++ v.1.3.2
2024/04/04 (16:17:03) | WARNING: NVML: Failed to get maximum GPU power draw, defaulting to 225W: Not Supported

2024/04/04 (16:17:06) | ===> btop++ v.1.3.2
2024/04/04 (16:17:06) | WARNING: NVML: Failed to get maximum GPU power draw, defaulting to 225W: Not Supported

2024/04/04 (17:51:34) | ===> btop++ v.1.3.2
2024/04/04 (17:51:34) | WARNING: NVML: Failed to get maximum GPU power draw, defaulting to 225W: Not Supported

2024/04/05 (09:56:16) | ===> btop++ v.1.3.2
2024/04/05 (09:56:16) | WARNING: NVML: Failed to get maximum GPU power draw, defaulting to 225W: Not Supported

2024/04/05 (09:56:20) | ===> btop++ v.1.3.2
2024/04/05 (09:56:20) | WARNING: NVML: Failed to get maximum GPU power draw, defaulting to 225W: Not Supported

2024/04/05 (11:02:37) | ===> btop++ v.1.3.2
2024/04/05 (11:02:37) | WARNING: NVML: Failed to get maximum GPU power draw, defaulting to 225W: Not Supported

2024/04/05 (11:08:13) | ===> btop++ v.1.3.2
2024/04/05 (11:08:13) | WARNING: NVML: Failed to get maximum GPU power draw, defaulting to 225W: Not Supported

2024/04/05 (11:16:26) | ===> btop++ v.1.3.2
2024/04/05 (11:16:26) | WARNING: NVML: Failed to get maximum GPU power draw, defaulting to 225W: Not Supported

2024/04/05 (11:16:50) | ===> btop++ v.1.3.2
2024/04/05 (11:16:50) | WARNING: NVML: Failed to get maximum GPU power draw, defaulting to 225W: Not Supported

2024/04/05 (11:17:26) | ===> btop++ v.1.3.2
2024/04/05 (11:17:26) | WARNING: NVML: Failed to get maximum GPU power draw, defaulting to 225W: Not Supported

2024/04/05 (11:18:15) | ===> btop++ v.1.3.2
2024/04/05 (11:18:15) | WARNING: NVML: Failed to get maximum GPU power draw, defaulting to 225W: Not Supported

2024/04/05 (11:22:31) | ===> btop++ v.1.3.2
2024/04/05 (11:22:31) | WARNING: NVML: Failed to get maximum GPU power draw, defaulting to 225W: Not Supported

2024/04/05 (11:24:47) | ===> btop++ v.1.3.2
2024/04/05 (11:24:47) | WARNING: NVML: Failed to get maximum GPU power draw, defaulting to 225W: Not Supported

2024/04/05 (18:42:10) | ===> btop++ v.1.3.2
2024/04/05 (18:42:10) | WARNING: NVML: Failed to get maximum GPU power draw, defaulting to 225W: Not Supported

2024/04/05 (18:55:22) | ===> btop++ v.1.3.2
2024/04/05 (18:55:22) | WARNING: NVML: Failed to get maximum GPU power draw, defaulting to 225W: Not Supported

2024/04/05 (18:55:40) | ===> btop++ v.1.3.2
2024/04/05 (18:55:40) | WARNING: NVML: Failed to get maximum GPU power draw, defaulting to 225W: Not Supported

2024/04/05 (19:11:05) | ===> btop++ v.1.3.2
2024/04/05 (19:11:05) | WARNING: NVML: Failed to get maximum GPU power draw, defaulting to 225W: Not Supported

2024/04/05 (19:12:48) | ===> btop++ v.1.3.2
2024/04/05 (19:12:48) | WARNING: NVML: Failed to get maximum GPU power draw, defaulting to 225W: Not Supported

2024/04/05 (19:16:14) | ===> btop++ v.1.3.2
2024/04/05 (19:16:14) | WARNING: NVML: Failed to get maximum GPU power draw, defaulting to 225W: Not Supported

2024/04/05 (19:19:18) | ===> btop++ v.1.3.2
2024/04/05 (19:19:18) | WARNING: NVML: Failed to get maximum GPU power draw, defaulting to 225W: Not Supported

2024/04/05 (19:19:24) | ===> btop++ v.1.3.2
2024/04/05 (19:19:24) | WARNING: NVML: Failed to get maximum GPU power draw, defaulting to 225W: Not Supported

2024/04/05 (19:28:11) | ===> btop++ v.1.3.2
2024/04/05 (19:28:11) | WARNING: NVML: Failed to get maximum GPU power draw, defaulting to 225W: Not Supported

2024/04/05 (19:28:16) | ===> btop++ v.1.3.2
2024/04/05 (19:28:16) | WARNING: NVML: Failed to get maximum GPU power draw, defaulting to 225W: Not Supported

2024/04/05 (19:28:51) | ===> btop++ v.1.3.2
2024/04/05 (19:28:51) | WARNING: NVML: Failed to get maximum GPU power draw, defaulting to 225W: Not Supported

2024/04/05 (19:33:49) | ===> btop++ v.1.3.2
2024/04/05 (19:33:49) | WARNING: NVML: Failed to get maximum GPU power draw, defaulting to 225W: Not Supported

2024/04/05 (19:37:24) | ===> btop++ v.1.3.2
2024/04/05 (19:37:24) | WARNING: NVML: Failed to get maximum GPU power draw, defaulting to 225W: Not Supported

2024/04/05 (19:52:45) | ===> btop++ v.1.3.2
2024/04/05 (19:52:45) | WARNING: NVML: Failed to get maximum GPU power draw, defaulting to 225W: Not Supported

2024/04/05 (20:03:47) | ===> btop++ v.1.3.2
2024/04/05 (20:03:47) | WARNING: NVML: Failed to get maximum GPU power draw, defaulting to 225W: Not Supported

2024/04/05 (20:43:59) | ===> btop++ v.1.3.2
2024/04/05 (20:43:59) | WARNING: NVML: Failed to get maximum GPU power draw, defaulting to 225W: Not Supported

2024/04/05 (21:09:54) | ===> btop++ v.1.3.2
2024/04/05 (21:09:54) | WARNING: NVML: Failed to get maximum GPU power draw, defaulting to 225W: Not Supported

2024/04/05 (21:47:02) | ===> btop++ v.1.3.2
2024/04/05 (21:47:02) | WARNING: NVML: Failed to get maximum GPU power draw, defaulting to 225W: Not Supported

2024/04/05 (22:04:22) | ===> btop++ v.1.3.2
2024/04/05 (22:04:22) | WARNING: NVML: Failed to get maximum GPU power draw, defaulting to 225W: Not Supported

2024/04/06 (11:58:05) | ===> btop++ v.1.3.2
2024/04/06 (11:58:05) | WARNING: NVML: Failed to get maximum GPU power draw, defaulting to 225W: Not Supported

2024/04/06 (12:32:19) | ===> btop++ v.1.3.2
2024/04/06 (12:32:19) | WARNING: NVML: Failed to get maximum GPU power draw, defaulting to 225W: Not Supported

2024/04/06 (12:32:25) | ===> btop++ v.1.3.2
2024/04/06 (12:32:25) | WARNING: NVML: Failed to get maximum GPU power draw, defaulting to 225W: Not Supported

2024/04/06 (14:49:19) | ===> btop++ v.1.3.2
2024/04/06 (14:49:19) | WARNING: NVML: Failed to get maximum GPU power draw, defaulting to 225W: Not Supported

2024/04/06 (14:51:42) | ===> btop++ v.1.3.2
2024/04/06 (14:51:42) | WARNING: NVML: Failed to get maximum GPU power draw, defaulting to 225W: Not Supported

2024/04/06 (15:05:46) | ===> btop++ v.1.3.2
2024/04/06 (15:05:46) | WARNING: NVML: Failed to get maximum GPU power draw, defaulting to 225W: Not Supported

2024/04/06 (15:33:08) | ===> btop++ v.1.3.2
2024/04/06 (15:33:08) | WARNING: NVML: Failed to get maximum GPU power draw, defaulting to 225W: Not Supported

2024/04/06 (17:26:57) | ===> btop++ v.1.3.2
2024/04/06 (17:26:57) | WARNING: NVML: Failed to get maximum GPU power draw, defaulting to 225W: Not Supported

2024/04/06 (21:12:20) | ===> btop++ v.1.3.2
2024/04/06 (21:12:20) | WARNING: NVML: Failed to get maximum GPU power draw, defaulting to 225W: Not Supported

2024/04/06 (21:26:04) | ===> btop++ v.1.3.2
2024/04/06 (21:26:04) | WARNING: NVML: Failed to get maximum GPU power draw, defaulting to 225W: Not Supported

2024/04/06 (21:52:56) | ===> btop++ v.1.3.2
2024/04/06 (21:52:56) | WARNING: NVML: Failed to get maximum GPU power draw, defaulting to 225W: Not Supported

2024/04/06 (22:27:57) | ===> btop++ v.1.3.2
2024/04/06 (22:27:57) | WARNING: NVML: Failed to get maximum GPU power draw, defaulting to 225W: Not Supported

2024/04/06 (23:05:02) | ===> btop++ v.1.3.2
2024/04/06 (23:05:02) | WARNING: NVML: Failed to get maximum GPU power draw, defaulting to 225W: Not Supported

2024/04/07 (00:26:23) | ===> btop++ v.1.3.2
2024/04/07 (00:26:23) | WARNING: NVML: Failed to get maximum GPU power draw, defaulting to 225W: Not Supported

2024/04/07 (01:32:36) | ===> btop++ v.1.3.2
2024/04/07 (01:32:36) | WARNING: NVML: Failed to get maximum GPU power draw, defaulting to 225W: Not Supported

2024/04/07 (09:06:41) | ===> btop++ v.1.3.2
2024/04/07 (09:06:41) | WARNING: NVML: Failed to get maximum GPU power draw, defaulting to 225W: Not Supported

2024/04/07 (09:06:46) | ===> btop++ v.1.3.2
2024/04/07 (09:06:46) | WARNING: NVML: Failed to get maximum GPU power draw, defaulting to 225W: Not Supported

2024/04/07 (09:56:58) | ===> btop++ v.1.3.2
2024/04/07 (09:56:58) | WARNING: NVML: Failed to get maximum GPU power draw, defaulting to 225W: Not Supported

2024/04/07 (10:06:11) | ===> btop++ v.1.3.2
2024/04/07 (10:06:11) | WARNING: NVML: Failed to get maximum GPU power draw, defaulting to 225W: Not Supported

2024/04/07 (10:31:22) | ===> btop++ v.1.3.2
2024/04/07 (10:31:22) | WARNING: NVML: Failed to get maximum GPU power draw, defaulting to 225W: Not Supported

2024/04/08 (00:57:06) | ===> btop++ v.1.3.2
2024/04/08 (00:57:06) | WARNING: NVML: Failed to get maximum GPU power draw, defaulting to 225W: Not Supported

2024/04/07 (23:07:40) | ===> btop++ v.1.3.2
2024/04/07 (23:07:40) | WARNING: NVML: Failed to get maximum GPU power draw, defaulting to 225W: Not Supported

2024/04/07 (23:21:54) | ===> btop++ v.1.3.2
2024/04/07 (23:21:54) | WARNING: NVML: Failed to get maximum GPU power draw, defaulting to 225W: Not Supported

2024/04/07 (23:21:56) | ===> btop++ v.1.3.2
2024/04/07 (23:21:56) | WARNING: NVML: Failed to get maximum GPU power draw, defaulting to 225W: Not Supported

2024/04/07 (23:23:40) | ===> btop++ v.1.3.2
2024/04/07 (23:23:40) | WARNING: NVML: Failed to get maximum GPU power draw, defaulting to 225W: Not Supported

2024/04/07 (23:29:20) | ===> btop++ v.1.3.2
2024/04/07 (23:29:20) | WARNING: NVML: Failed to get maximum GPU power draw, defaulting to 225W: Not Supported

2024/04/07 (23:29:22) | ===> btop++ v.1.3.2
2024/04/07 (23:29:22) | WARNING: NVML: Failed to get maximum GPU power draw, defaulting to 225W: Not Supported

2024/04/07 (23:29:23) | ===> btop++ v.1.3.2
2024/04/07 (23:29:23) | WARNING: NVML: Failed to get maximum GPU power draw, defaulting to 225W: Not Supported

2024/04/07 (23:29:23) | ===> btop++ v.1.3.2
2024/04/07 (23:29:23) | WARNING: NVML: Failed to get maximum GPU power draw, defaulting to 225W: Not Supported

2024/04/07 (23:29:23) | ===> btop++ v.1.3.2
2024/04/07 (23:29:23) | WARNING: NVML: Failed to get maximum GPU power draw, defaulting to 225W: Not Supported

2024/04/07 (23:35:29) | ===> btop++ v.1.3.2
2024/04/07 (23:35:29) | WARNING: NVML: Failed to get maximum GPU power draw, defaulting to 225W: Not Supported

2024/04/07 (23:38:27) | ===> btop++ v.1.3.2
2024/04/07 (23:38:27) | WARNING: NVML: Failed to get maximum GPU power draw, defaulting to 225W: Not Supported

2024/04/08 (15:28:57) | ===> btop++ v.1.3.2
2024/04/08 (15:28:57) | WARNING: NVML: Failed to get maximum GPU power draw, defaulting to 225W: Not Supported

2024/04/08 (13:59:53) | ===> btop++ v.1.3.2
2024/04/08 (13:59:53) | WARNING: NVML: Failed to get maximum GPU power draw, defaulting to 225W: Not Supported

2024/04/08 (15:35:32) | ===> btop++ v.1.3.2
2024/04/08 (15:35:32) | WARNING: NVML: Failed to get maximum GPU power draw, defaulting to 225W: Not Supported

2024/04/08 (15:38:09) | ===> btop++ v.1.3.2
2024/04/08 (15:38:09) | WARNING: NVML: Failed to get maximum GPU power draw, defaulting to 225W: Not Supported

2024/04/08 (15:54:36) | ===> btop++ v.1.3.2
2024/04/08 (15:54:36) | WARNING: NVML: Failed to get maximum GPU power draw, defaulting to 225W: Not Supported

2024/04/08 (15:57:10) | ===> btop++ v.1.3.2
2024/04/08 (15:57:10) | WARNING: NVML: Failed to get maximum GPU power draw, defaulting to 225W: Not Supported

2024/04/08 (16:02:53) | ===> btop++ v.1.3.2
2024/04/08 (16:02:53) | WARNING: NVML: Failed to get maximum GPU power draw, defaulting to 225W: Not Supported

2024/04/08 (17:06:18) | ===> btop++ v.1.3.2
2024/04/08 (17:06:18) | WARNING: NVML: Failed to get maximum GPU power draw, defaulting to 225W: Not Supported

2024/04/08 (17:15:54) | ===> btop++ v.1.3.2
2024/04/08 (17:15:54) | WARNING: NVML: Failed to get maximum GPU power draw, defaulting to 225W: Not Supported

2024/04/08 (17:22:11) | ===> btop++ v.1.3.2
2024/04/08 (17:22:11) | WARNING: NVML: Failed to get maximum GPU power draw, defaulting to 225W: Not Supported

2024/04/08 (17:23:09) | ===> btop++ v.1.3.2
2024/04/08 (17:23:09) | WARNING: NVML: Failed to get maximum GPU power draw, defaulting to 225W: Not Supported

2024/04/08 (17:23:11) | ===> btop++ v.1.3.2
2024/04/08 (17:23:11) | WARNING: NVML: Failed to get maximum GPU power draw, defaulting to 225W: Not Supported

2024/04/08 (18:28:51) | ===> btop++ v.1.3.2
2024/04/08 (18:28:51) | WARNING: NVML: Failed to get maximum GPU power draw, defaulting to 225W: Not Supported

2024/04/08 (18:29:05) | ===> btop++ v.1.3.2
2024/04/08 (18:29:05) | WARNING: NVML: Failed to get maximum GPU power draw, defaulting to 225W: Not Supported

2024/04/08 (18:29:29) | ===> btop++ v.1.3.2
2024/04/08 (18:29:29) | WARNING: NVML: Failed to get maximum GPU power draw, defaulting to 225W: Not Supported

2024/04/08 (18:31:48) | ===> btop++ v.1.3.2
2024/04/08 (18:31:48) | WARNING: NVML: Failed to get maximum GPU power draw, defaulting to 225W: Not Supported

2024/04/08 (18:36:08) | ===> btop++ v.1.3.2
2024/04/08 (18:36:08) | WARNING: NVML: Failed to get maximum GPU power draw, defaulting to 225W: Not Supported

2024/04/08 (19:49:13) | ===> btop++ v.1.3.2
2024/04/08 (19:49:13) | WARNING: NVML: Failed to get maximum GPU power draw, defaulting to 225W: Not Supported

2024/04/08 (23:17:27) | ===> btop++ v.1.3.2
2024/04/08 (23:17:27) | WARNING: NVML: Failed to get maximum GPU power draw, defaulting to 225W: Not Supported

2024/04/08 (23:25:12) | ===> btop++ v.1.3.2
2024/04/08 (23:25:12) | WARNING: NVML: Failed to get maximum GPU power draw, defaulting to 225W: Not Supported

2024/04/09 (00:28:18) | ===> btop++ v.1.3.2
2024/04/09 (00:28:18) | WARNING: NVML: Failed to get maximum GPU power draw, defaulting to 225W: Not Supported

2024/04/09 (01:32:13) | ===> btop++ v.1.3.2
2024/04/09 (01:32:13) | WARNING: NVML: Failed to get maximum GPU power draw, defaulting to 225W: Not Supported

2024/04/09 (03:49:23) | ===> btop++ v.1.3.2
2024/04/09 (03:49:23) | WARNING: NVML: Failed to get maximum GPU power draw, defaulting to 225W: Not Supported

2024/04/09 (03:59:50) | ===> btop++ v.1.3.2
2024/04/09 (03:59:50) | WARNING: NVML: Failed to get maximum GPU power draw, defaulting to 225W: Not Supported

2024/04/09 (04:00:01) | ===> btop++ v.1.3.2
2024/04/09 (04:00:01) | WARNING: NVML: Failed to get maximum GPU power draw, defaulting to 225W: Not Supported

2024/04/09 (04:02:50) | ===> btop++ v.1.3.2
2024/04/09 (04:02:50) | WARNING: NVML: Failed to get maximum GPU power draw, defaulting to 225W: Not Supported

2024/04/10 (00:20:37) | ===> btop++ v.1.3.2
2024/04/10 (00:20:37) | WARNING: NVML: Failed to get maximum GPU power draw, defaulting to 225W: Not Supported

2024/04/10 (01:51:51) | ===> btop++ v.1.3.2
2024/04/10 (01:51:51) | WARNING: NVML: Failed to get maximum GPU power draw, defaulting to 225W: Not Supported

2024/04/10 (02:25:51) | ===> btop++ v.1.3.2
2024/04/10 (02:25:51) | WARNING: NVML: Failed to get maximum GPU power draw, defaulting to 225W: Not Supported

2024/04/10 (03:44:17) | ===> btop++ v.1.3.2
2024/04/10 (03:44:17) | WARNING: NVML: Failed to get maximum GPU power draw, defaulting to 225W: Not Supported

2024/04/10 (03:44:20) | ===> btop++ v.1.3.2
2024/04/10 (03:44:20) | WARNING: NVML: Failed to get maximum GPU power draw, defaulting to 225W: Not Supported

2024/04/10 (03:47:25) | ===> btop++ v.1.3.2
2024/04/10 (03:47:25) | WARNING: NVML: Failed to get maximum GPU power draw, defaulting to 225W: Not Supported

2024/04/10 (04:37:34) | ===> btop++ v.1.3.2
2024/04/10 (04:37:34) | WARNING: NVML: Failed to get maximum GPU power draw, defaulting to 225W: Not Supported

2024/04/10 (04:45:11) | ===> btop++ v.1.3.2
2024/04/10 (04:45:11) | WARNING: NVML: Failed to get maximum GPU power draw, defaulting to 225W: Not Supported

2024/04/10 (15:12:20) | ===> btop++ v.1.3.2
2024/04/10 (15:12:20) | WARNING: NVML: Failed to get maximum GPU power draw, defaulting to 225W: Not Supported

2024/04/10 (15:14:56) | ===> btop++ v.1.3.2
2024/04/10 (15:14:56) | WARNING: NVML: Failed to get maximum GPU power draw, defaulting to 225W: Not Supported

2024/04/10 (15:18:50) | ===> btop++ v.1.3.2
2024/04/10 (15:18:50) | WARNING: NVML: Failed to get maximum GPU power draw, defaulting to 225W: Not Supported

2024/04/10 (17:04:37) | ===> btop++ v.1.3.2
2024/04/10 (17:04:37) | WARNING: NVML: Failed to get maximum GPU power draw, defaulting to 225W: Not Supported

2024/04/10 (17:05:11) | ===> btop++ v.1.3.2
2024/04/10 (17:05:11) | WARNING: NVML: Failed to get maximum GPU power draw, defaulting to 225W: Not Supported

2024/04/10 (17:09:39) | ===> btop++ v.1.3.2
2024/04/10 (17:09:39) | WARNING: NVML: Failed to get maximum GPU power draw, defaulting to 225W: Not Supported

2024/04/10 (18:32:45) | ===> btop++ v.1.3.2
2024/04/10 (18:32:45) | WARNING: NVML: Failed to get maximum GPU power draw, defaulting to 225W: Not Supported

2024/04/11 (01:15:48) | ===> btop++ v.1.3.2
2024/04/11 (01:15:48) | WARNING: NVML: Failed to get maximum GPU power draw, defaulting to 225W: Not Supported

2024/04/11 (02:27:00) | ===> btop++ v.1.3.2
2024/04/11 (02:27:00) | WARNING: NVML: Failed to get maximum GPU power draw, defaulting to 225W: Not Supported

2024/04/11 (02:56:32) | ===> btop++ v.1.3.2
2024/04/11 (02:56:32) | WARNING: NVML: Failed to get maximum GPU power draw, defaulting to 225W: Not Supported

2024/04/11 (03:12:56) | ===> btop++ v.1.3.2
2024/04/11 (03:12:56) | WARNING: NVML: Failed to get maximum GPU power draw, defaulting to 225W: Not Supported

2024/04/11 (03:25:16) | ===> btop++ v.1.3.2
2024/04/11 (03:25:16) | WARNING: NVML: Failed to get maximum GPU power draw, defaulting to 225W: Not Supported

2024/04/11 (03:25:21) | ===> btop++ v.1.3.2
2024/04/11 (03:25:21) | WARNING: NVML: Failed to get maximum GPU power draw, defaulting to 225W: Not Supported

2024/04/11 (03:25:27) | ===> btop++ v.1.3.2
2024/04/11 (03:25:27) | WARNING: NVML: Failed to get maximum GPU power draw, defaulting to 225W: Not Supported

2024/04/11 (19:33:04) | ===> btop++ v.1.3.2
2024/04/11 (19:33:04) | WARNING: NVML: Failed to get maximum GPU power draw, defaulting to 225W: Not Supported

2024/04/11 (19:50:30) | ===> btop++ v.1.3.2
2024/04/11 (19:50:30) | WARNING: NVML: Failed to get maximum GPU power draw, defaulting to 225W: Not Supported

2024/04/11 (23:33:49) | ===> btop++ v.1.3.2
2024/04/11 (23:33:49) | WARNING: NVML: Failed to get maximum GPU power draw, defaulting to 225W: Not Supported

2024/04/11 (23:39:45) | ===> btop++ v.1.3.2
2024/04/11 (23:39:45) | WARNING: NVML: Failed to get maximum GPU power draw, defaulting to 225W: Not Supported

2024/04/12 (00:04:15) | ===> btop++ v.1.3.2
2024/04/12 (00:04:15) | WARNING: NVML: Failed to get maximum GPU power draw, defaulting to 225W: Not Supported

2024/04/12 (00:04:24) | ===> btop++ v.1.3.2
2024/04/12 (00:04:24) | WARNING: NVML: Failed to get maximum GPU power draw, defaulting to 225W: Not Supported

2024/04/12 (01:14:47) | ===> btop++ v.1.3.2
2024/04/12 (01:14:47) | WARNING: NVML: Failed to get maximum GPU power draw, defaulting to 225W: Not Supported

2024/04/12 (01:22:55) | ===> btop++ v.1.3.2
2024/04/12 (01:22:55) | WARNING: NVML: Failed to get maximum GPU power draw, defaulting to 225W: Not Supported

2024/04/12 (03:28:43) | ===> btop++ v.1.3.2
2024/04/12 (03:28:43) | WARNING: NVML: Failed to get maximum GPU power draw, defaulting to 225W: Not Supported

2024/04/12 (03:48:01) | ===> btop++ v.1.3.2
2024/04/12 (03:48:01) | WARNING: NVML: Failed to get maximum GPU power draw, defaulting to 225W: Not Supported

2024/04/12 (03:48:45) | ===> btop++ v.1.3.2
2024/04/12 (03:48:45) | WARNING: NVML: Failed to get maximum GPU power draw, defaulting to 225W: Not Supported

2024/04/12 (03:49:59) | ===> btop++ v.1.3.2
2024/04/12 (03:49:59) | WARNING: NVML: Failed to get maximum GPU power draw, defaulting to 225W: Not Supported

2024/04/12 (04:02:32) | ===> btop++ v.1.3.2
2024/04/12 (04:02:32) | WARNING: NVML: Failed to get maximum GPU power draw, defaulting to 225W: Not Supported

2024/04/12 (04:10:24) | ===> btop++ v.1.3.2
2024/04/12 (04:10:24) | WARNING: NVML: Failed to get maximum GPU power draw, defaulting to 225W: Not Supported

2024/04/12 (04:12:13) | ===> btop++ v.1.3.2
2024/04/12 (04:12:13) | WARNING: NVML: Failed to get maximum GPU power draw, defaulting to 225W: Not Supported

2024/04/12 (04:15:04) | ===> btop++ v.1.3.2
2024/04/12 (04:15:04) | WARNING: NVML: Failed to get maximum GPU power draw, defaulting to 225W: Not Supported

2024/04/12 (04:16:13) | ===> btop++ v.1.3.2
2024/04/12 (04:16:13) | WARNING: NVML: Failed to get maximum GPU power draw, defaulting to 225W: Not Supported

2024/04/12 (04:17:17) | ===> btop++ v.1.3.2
2024/04/12 (04:17:17) | WARNING: NVML: Failed to get maximum GPU power draw, defaulting to 225W: Not Supported

2024/04/12 (04:17:27) | ===> btop++ v.1.3.2
2024/04/12 (04:17:27) | WARNING: NVML: Failed to get maximum GPU power draw, defaulting to 225W: Not Supported

2024/04/12 (04:20:04) | ===> btop++ v.1.3.2
2024/04/12 (04:20:04) | WARNING: NVML: Failed to get maximum GPU power draw, defaulting to 225W: Not Supported

2024/04/12 (04:20:32) | ===> btop++ v.1.3.2
2024/04/12 (04:20:32) | WARNING: NVML: Failed to get maximum GPU power draw, defaulting to 225W: Not Supported

2024/04/12 (15:38:20) | ===> btop++ v.1.3.2
2024/04/12 (15:38:20) | WARNING: NVML: Failed to get maximum GPU power draw, defaulting to 225W: Not Supported

2024/04/12 (15:49:47) | ===> btop++ v.1.3.2
2024/04/12 (15:49:47) | WARNING: NVML: Failed to get maximum GPU power draw, defaulting to 225W: Not Supported

2024/04/12 (16:14:39) | ===> btop++ v.1.3.2
2024/04/12 (16:14:39) | WARNING: NVML: Failed to get maximum GPU power draw, defaulting to 225W: Not Supported

2024/04/12 (21:37:27) | ===> btop++ v.1.3.2
2024/04/12 (21:37:27) | WARNING: NVML: Failed to get maximum GPU power draw, defaulting to 225W: Not Supported

2024/04/12 (23:08:50) | ===> btop++ v.1.3.2
2024/04/12 (23:08:50) | WARNING: NVML: Failed to get maximum GPU power draw, defaulting to 225W: Not Supported

2024/04/12 (23:08:53) | ===> btop++ v.1.3.2
2024/04/12 (23:08:53) | WARNING: NVML: Failed to get maximum GPU power draw, defaulting to 225W: Not Supported

2024/04/13 (00:03:36) | ===> btop++ v.1.3.2
2024/04/13 (00:03:36) | WARNING: NVML: Failed to get maximum GPU power draw, defaulting to 225W: Not Supported

2024/04/13 (00:10:42) | ===> btop++ v.1.3.2
2024/04/13 (00:10:42) | WARNING: NVML: Failed to get maximum GPU power draw, defaulting to 225W: Not Supported

2024/04/13 (00:14:18) | ===> btop++ v.1.3.2
2024/04/13 (00:14:18) | WARNING: NVML: Failed to get maximum GPU power draw, defaulting to 225W: Not Supported

2024/04/13 (00:36:07) | ===> btop++ v.1.3.2
2024/04/13 (00:36:07) | WARNING: NVML: Failed to get maximum GPU power draw, defaulting to 225W: Not Supported

2024/04/13 (01:25:47) | ===> btop++ v.1.3.2
2024/04/13 (01:25:47) | WARNING: NVML: Failed to get maximum GPU power draw, defaulting to 225W: Not Supported

2024/04/13 (04:53:47) | ===> btop++ v.1.3.2
2024/04/13 (04:53:47) | WARNING: NVML: Failed to get maximum GPU power draw, defaulting to 225W: Not Supported

2024/04/13 (04:53:48) | ===> btop++ v.1.3.2
2024/04/13 (04:53:48) | WARNING: NVML: Failed to get maximum GPU power draw, defaulting to 225W: Not Supported

2024/04/13 (06:45:08) | ===> btop++ v.1.3.2
2024/04/13 (06:45:08) | WARNING: NVML: Failed to get maximum GPU power draw, defaulting to 225W: Not Supported

2024/04/13 (15:15:24) | ===> btop++ v.1.3.2
2024/04/13 (15:15:24) | WARNING: NVML: Failed to get maximum GPU power draw, defaulting to 225W: Not Supported

2024/04/13 (15:15:37) | ===> btop++ v.1.3.2
2024/04/13 (15:15:37) | WARNING: NVML: Failed to get maximum GPU power draw, defaulting to 225W: Not Supported

2024/04/13 (15:16:08) | ===> btop++ v.1.3.2
2024/04/13 (15:16:08) | WARNING: NVML: Failed to get maximum GPU power draw, defaulting to 225W: Not Supported

2024/04/13 (15:17:36) | ===> btop++ v.1.3.2
2024/04/13 (15:17:36) | WARNING: NVML: Failed to get maximum GPU power draw, defaulting to 225W: Not Supported

2024/04/13 (15:22:50) | ===> btop++ v.1.3.2
2024/04/13 (15:22:50) | WARNING: NVML: Failed to get maximum GPU power draw, defaulting to 225W: Not Supported

2024/04/13 (15:56:16) | ===> btop++ v.1.3.2
2024/04/13 (15:56:16) | WARNING: NVML: Failed to get maximum GPU power draw, defaulting to 225W: Not Supported

2024/04/13 (18:34:24) | ===> btop++ v.1.3.2
2024/04/13 (18:34:24) | WARNING: NVML: Failed to get maximum GPU power draw, defaulting to 225W: Not Supported

2024/04/13 (19:51:14) | ===> btop++ v.1.3.2
2024/04/13 (19:51:14) | WARNING: NVML: Failed to get maximum GPU power draw, defaulting to 225W: Not Supported

2024/04/13 (20:02:34) | ===> btop++ v.1.3.2
2024/04/13 (20:02:34) | WARNING: NVML: Failed to get maximum GPU power draw, defaulting to 225W: Not Supported

2024/04/13 (20:02:34) | ===> btop++ v.1.3.2
2024/04/13 (20:02:34) | WARNING: NVML: Failed to get maximum GPU power draw, defaulting to 225W: Not Supported

2024/04/13 (20:02:34) | ===> btop++ v.1.3.2
2024/04/13 (20:02:34) | WARNING: NVML: Failed to get maximum GPU power draw, defaulting to 225W: Not Supported

2024/04/13 (20:02:34) | ===> btop++ v.1.3.2
2024/04/13 (20:02:34) | WARNING: NVML: Failed to get maximum GPU power draw, defaulting to 225W: Not Supported

2024/04/13 (20:02:35) | ===> btop++ v.1.3.2
2024/04/13 (20:02:35) | WARNING: NVML: Failed to get maximum GPU power draw, defaulting to 225W: Not Supported

2024/04/13 (20:02:35) | ===> btop++ v.1.3.2
2024/04/13 (20:02:35) | WARNING: NVML: Failed to get maximum GPU power draw, defaulting to 225W: Not Supported

2024/04/13 (20:02:35) | ===> btop++ v.1.3.2
2024/04/13 (20:02:35) | WARNING: NVML: Failed to get maximum GPU power draw, defaulting to 225W: Not Supported

2024/04/13 (20:02:35) | ===> btop++ v.1.3.2
2024/04/13 (20:02:35) | WARNING: NVML: Failed to get maximum GPU power draw, defaulting to 225W: Not Supported

2024/04/13 (20:02:35) | ===> btop++ v.1.3.2
2024/04/13 (20:02:35) | WARNING: NVML: Failed to get maximum GPU power draw, defaulting to 225W: Not Supported

2024/04/13 (20:37:39) | ===> btop++ v.1.3.2
2024/04/13 (20:37:39) | WARNING: NVML: Failed to get maximum GPU power draw, defaulting to 225W: Not Supported

2024/04/13 (22:08:59) | ===> btop++ v.1.3.2
2024/04/13 (22:08:59) | WARNING: NVML: Failed to get maximum GPU power draw, defaulting to 225W: Not Supported

2024/04/13 (22:40:10) | ===> btop++ v.1.3.2
2024/04/13 (22:40:10) | WARNING: NVML: Failed to get maximum GPU power draw, defaulting to 225W: Not Supported

2024/04/13 (22:58:21) | ===> btop++ v.1.3.2
2024/04/13 (22:58:21) | WARNING: NVML: Failed to get maximum GPU power draw, defaulting to 225W: Not Supported

2024/04/14 (00:49:39) | ===> btop++ v.1.3.2
2024/04/14 (00:49:39) | WARNING: NVML: Failed to get maximum GPU power draw, defaulting to 225W: Not Supported

2024/04/14 (01:46:24) | ===> btop++ v.1.3.2
2024/04/14 (01:46:24) | WARNING: NVML: Failed to get maximum GPU power draw, defaulting to 225W: Not Supported

2024/04/14 (02:07:58) | ===> btop++ v.1.3.2
2024/04/14 (02:07:58) | WARNING: NVML: Failed to get maximum GPU power draw, defaulting to 225W: Not Supported

2024/04/14 (03:24:18) | ===> btop++ v.1.3.2
2024/04/14 (03:24:18) | WARNING: NVML: Failed to get maximum GPU power draw, defaulting to 225W: Not Supported

2024/04/14 (22:00:20) | ===> btop++ v.1.3.2
2024/04/14 (22:00:20) | WARNING: NVML: Failed to get maximum GPU power draw, defaulting to 225W: Not Supported

2024/04/15 (00:30:12) | ===> btop++ v.1.3.2
2024/04/15 (00:30:12) | WARNING: NVML: Failed to get maximum GPU power draw, defaulting to 225W: Not Supported

2024/04/15 (01:15:00) | ===> btop++ v.1.3.2
2024/04/15 (01:15:00) | WARNING: NVML: Failed to get maximum GPU power draw, defaulting to 225W: Not Supported

2024/04/15 (01:15:27) | ===> btop++ v.1.3.2
2024/04/15 (01:15:27) | WARNING: NVML: Failed to get maximum GPU power draw, defaulting to 225W: Not Supported

2024/04/15 (04:11:46) | ===> btop++ v.1.3.2
2024/04/15 (04:11:46) | WARNING: NVML: Failed to get maximum GPU power draw, defaulting to 225W: Not Supported

2024/04/15 (04:53:06) | ===> btop++ v.1.3.2
2024/04/15 (04:53:06) | WARNING: NVML: Failed to get maximum GPU power draw, defaulting to 225W: Not Supported

2024/04/15 (05:23:56) | ===> btop++ v.1.3.2
2024/04/15 (05:23:56) | WARNING: NVML: Failed to get maximum GPU power draw, defaulting to 225W: Not Supported

2024/04/15 (05:24:17) | ===> btop++ v.1.3.2
2024/04/15 (05:24:17) | WARNING: NVML: Failed to get maximum GPU power draw, defaulting to 225W: Not Supported

2024/04/15 (07:14:42) | ===> btop++ v.1.3.2
2024/04/15 (07:14:42) | WARNING: NVML: Failed to get maximum GPU power draw, defaulting to 225W: Not Supported

2024/04/15 (07:20:42) | ===> btop++ v.1.3.2
2024/04/15 (07:20:42) | WARNING: NVML: Failed to get maximum GPU power draw, defaulting to 225W: Not Supported

2024/04/15 (07:30:05) | ===> btop++ v.1.3.2
2024/04/15 (07:30:05) | WARNING: NVML: Failed to get maximum GPU power draw, defaulting to 225W: Not Supported

2024/04/15 (07:50:41) | ===> btop++ v.1.3.2
2024/04/15 (07:50:41) | WARNING: NVML: Failed to get maximum GPU power draw, defaulting to 225W: Not Supported

2024/04/15 (17:30:50) | ===> btop++ v.1.3.2
2024/04/15 (17:30:50) | WARNING: NVML: Failed to get maximum GPU power draw, defaulting to 225W: Not Supported

2024/04/15 (17:37:53) | ===> btop++ v.1.3.2
2024/04/15 (17:37:53) | WARNING: NVML: Failed to get maximum GPU power draw, defaulting to 225W: Not Supported

2024/04/15 (19:22:31) | ===> btop++ v.1.3.2
2024/04/15 (19:22:31) | WARNING: NVML: Failed to get maximum GPU power draw, defaulting to 225W: Not Supported

2024/04/15 (19:44:57) | ===> btop++ v.1.3.2
2024/04/15 (19:44:57) | WARNING: NVML: Failed to get maximum GPU power draw, defaulting to 225W: Not Supported

2024/04/15 (19:45:00) | ===> btop++ v.1.3.2
2024/04/15 (19:45:00) | WARNING: NVML: Failed to get maximum GPU power draw, defaulting to 225W: Not Supported

2024/04/15 (20:05:21) | ===> btop++ v.1.3.2
2024/04/15 (20:05:21) | WARNING: NVML: Failed to get maximum GPU power draw, defaulting to 225W: Not Supported

2024/04/15 (21:49:19) | ===> btop++ v.1.3.2
2024/04/15 (21:49:19) | WARNING: NVML: Failed to get maximum GPU power draw, defaulting to 225W: Not Supported

2024/04/15 (21:54:12) | ===> btop++ v.1.3.2
2024/04/15 (21:54:12) | WARNING: NVML: Failed to get maximum GPU power draw, defaulting to 225W: Not Supported

2024/04/15 (22:13:36) | ===> btop++ v.1.3.2
2024/04/15 (22:13:36) | WARNING: NVML: Failed to get maximum GPU power draw, defaulting to 225W: Not Supported

2024/04/15 (22:24:35) | ===> btop++ v.1.3.2
2024/04/15 (22:24:35) | WARNING: NVML: Failed to get maximum GPU power draw, defaulting to 225W: Not Supported

2024/04/15 (23:21:04) | ===> btop++ v.1.3.2
2024/04/15 (23:21:04) | WARNING: NVML: Failed to get maximum GPU power draw, defaulting to 225W: Not Supported

2024/04/16 (00:52:42) | ===> btop++ v.1.3.2
2024/04/16 (00:52:42) | WARNING: NVML: Failed to get maximum GPU power draw, defaulting to 225W: Not Supported

2024/04/16 (01:28:21) | ===> btop++ v.1.3.2
2024/04/16 (01:28:21) | WARNING: NVML: Failed to get maximum GPU power draw, defaulting to 225W: Not Supported

2024/04/16 (01:28:30) | ===> btop++ v.1.3.2
2024/04/16 (01:28:30) | WARNING: NVML: Failed to get maximum GPU power draw, defaulting to 225W: Not Supported

2024/04/16 (01:28:42) | ===> btop++ v.1.3.2
2024/04/16 (01:28:42) | WARNING: NVML: Failed to get maximum GPU power draw, defaulting to 225W: Not Supported

2024/04/16 (01:36:46) | ===> btop++ v.1.3.2
2024/04/16 (01:36:46) | WARNING: NVML: Failed to get maximum GPU power draw, defaulting to 225W: Not Supported

2024/04/16 (04:13:35) | ===> btop++ v.1.3.2
2024/04/16 (04:13:35) | WARNING: NVML: Failed to get maximum GPU power draw, defaulting to 225W: Not Supported

2024/04/16 (20:55:14) | ===> btop++ v.1.3.2
2024/04/16 (20:55:14) | WARNING: NVML: Failed to get maximum GPU power draw, defaulting to 225W: Not Supported

2024/04/16 (19:06:46) | ===> btop++ v.1.3.2
2024/04/16 (19:06:46) | WARNING: NVML: Failed to get maximum GPU power draw, defaulting to 225W: Not Supported

2024/04/16 (19:13:25) | ===> btop++ v.1.3.2
2024/04/16 (19:13:25) | WARNING: NVML: Failed to get maximum GPU power draw, defaulting to 225W: Not Supported

2024/04/17 (00:25:16) | ===> btop++ v.1.3.2
2024/04/17 (00:25:16) | WARNING: NVML: Failed to get maximum GPU power draw, defaulting to 225W: Not Supported

2024/04/17 (02:58:00) | ===> btop++ v.1.3.2
2024/04/17 (02:58:00) | WARNING: NVML: Failed to get maximum GPU power draw, defaulting to 225W: Not Supported

2024/04/17 (02:59:35) | ===> btop++ v.1.3.2
2024/04/17 (02:59:35) | WARNING: NVML: Failed to get maximum GPU power draw, defaulting to 225W: Not Supported

2024/04/17 (03:10:13) | ===> btop++ v.1.3.2
2024/04/17 (03:10:13) | WARNING: NVML: Failed to get maximum GPU power draw, defaulting to 225W: Not Supported

2024/04/17 (04:20:41) | ===> btop++ v.1.3.2
2024/04/17 (04:20:41) | WARNING: NVML: Failed to get maximum GPU power draw, defaulting to 225W: Not Supported

2024/04/17 (05:59:55) | ===> btop++ v.1.3.2
2024/04/17 (05:59:55) | WARNING: NVML: Failed to get maximum GPU power draw, defaulting to 225W: Not Supported

2024/04/17 (06:23:15) | ===> btop++ v.1.3.2
2024/04/17 (06:23:15) | WARNING: NVML: Failed to get maximum GPU power draw, defaulting to 225W: Not Supported

2024/04/17 (13:53:27) | ===> btop++ v.1.3.2
2024/04/17 (13:53:27) | WARNING: NVML: Failed to get maximum GPU power draw, defaulting to 225W: Not Supported

2024/04/17 (21:45:02) | ===> btop++ v.1.3.2
2024/04/17 (21:45:02) | WARNING: NVML: Failed to get maximum GPU power draw, defaulting to 225W: Not Supported

2024/04/18 (13:44:55) | ===> btop++ v.1.3.2
2024/04/18 (13:44:55) | WARNING: NVML: Failed to get maximum GPU power draw, defaulting to 225W: Not Supported

2024/04/18 (13:55:22) | ===> btop++ v.1.3.2
2024/04/18 (13:55:22) | WARNING: NVML: Failed to get maximum GPU power draw, defaulting to 225W: Not Supported

2024/04/18 (13:55:49) | ===> btop++ v.1.3.2
2024/04/18 (13:55:49) | WARNING: NVML: Failed to get maximum GPU power draw, defaulting to 225W: Not Supported

2024/04/18 (16:06:34) | ===> btop++ v.1.3.2
2024/04/18 (16:06:34) | WARNING: NVML: Failed to get maximum GPU power draw, defaulting to 225W: Not Supported

2024/04/18 (14:39:11) | ===> btop++ v.1.3.2
2024/04/18 (14:39:11) | WARNING: NVML: Failed to get maximum GPU power draw, defaulting to 225W: Not Supported

2024/04/18 (17:00:16) | ===> btop++ v.1.3.2
2024/04/18 (17:00:16) | WARNING: NVML: Failed to get maximum GPU power draw, defaulting to 225W: Not Supported

2024/04/18 (17:02:44) | ===> btop++ v.1.3.2
2024/04/18 (17:02:44) | WARNING: NVML: Failed to get maximum GPU power draw, defaulting to 225W: Not Supported

2024/04/18 (18:27:58) | ===> btop++ v.1.3.2
2024/04/18 (18:27:58) | WARNING: NVML: Failed to get maximum GPU power draw, defaulting to 225W: Not Supported

2024/04/18 (18:29:01) | ===> btop++ v.1.3.2
2024/04/18 (18:29:01) | WARNING: NVML: Failed to get maximum GPU power draw, defaulting to 225W: Not Supported

2024/04/18 (20:18:00) | ===> btop++ v.1.3.2
2024/04/18 (20:18:00) | ERROR: No tty detected!
btop++ needs an interactive shell to run.

2024/04/18 (20:52:14) | ===> btop++ v.1.3.2
2024/04/18 (20:52:14) | WARNING: NVML: Failed to get maximum GPU power draw, defaulting to 225W: Not Supported

2024/04/18 (20:53:02) | ===> btop++ v.1.3.2
2024/04/18 (20:53:02) | WARNING: NVML: Failed to get maximum GPU power draw, defaulting to 225W: Not Supported

2024/04/18 (21:24:01) | ===> btop++ v.1.3.2
2024/04/18 (21:24:01) | WARNING: NVML: Failed to get maximum GPU power draw, defaulting to 225W: Not Supported

2024/04/18 (21:34:21) | ===> btop++ v.1.3.2
2024/04/18 (21:34:21) | WARNING: NVML: Failed to get maximum GPU power draw, defaulting to 225W: Not Supported

2024/04/18 (21:41:51) | ===> btop++ v.1.3.2
2024/04/18 (21:41:51) | WARNING: NVML: Failed to get maximum GPU power draw, defaulting to 225W: Not Supported

2024/04/19 (01:46:57) | ===> btop++ v.1.3.2
2024/04/19 (01:46:57) | WARNING: NVML: Failed to get maximum GPU power draw, defaulting to 225W: Not Supported

2024/04/19 (02:54:32) | ===> btop++ v.1.3.2
2024/04/19 (02:54:32) | WARNING: NVML: Failed to get maximum GPU power draw, defaulting to 225W: Not Supported

2024/04/19 (03:23:00) | ===> btop++ v.1.3.2
2024/04/19 (03:23:00) | WARNING: NVML: Failed to get maximum GPU power draw, defaulting to 225W: Not Supported

2024/04/19 (03:25:22) | ===> btop++ v.1.3.2
2024/04/19 (03:25:22) | WARNING: NVML: Failed to get maximum GPU power draw, defaulting to 225W: Not Supported

2024/04/19 (03:25:42) | ===> btop++ v.1.3.2
2024/04/19 (03:25:42) | WARNING: NVML: Failed to get maximum GPU power draw, defaulting to 225W: Not Supported

2024/04/20 (01:08:39) | ===> btop++ v.1.3.2
2024/04/20 (01:08:39) | WARNING: NVML: Failed to get maximum GPU power draw, defaulting to 225W: Not Supported

2024/04/20 (01:47:41) | ===> btop++ v.1.3.2
2024/04/20 (01:47:41) | WARNING: NVML: Failed to get maximum GPU power draw, defaulting to 225W: Not Supported

2024/04/20 (14:58:15) | ===> btop++ v.1.3.2
2024/04/20 (14:58:15) | WARNING: NVML: Failed to get maximum GPU power draw, defaulting to 225W: Not Supported

2024/04/20 (13:09:07) | ===> btop++ v.1.3.2
2024/04/20 (13:09:07) | WARNING: NVML: Failed to get maximum GPU power draw, defaulting to 225W: Not Supported

2024/04/21 (21:43:26) | ===> btop++ v.1.3.2
2024/04/21 (21:43:26) | WARNING: NVML: Failed to get maximum GPU power draw, defaulting to 225W: Not Supported

2024/04/21 (21:58:41) | ===> btop++ v.1.3.2
2024/04/21 (21:58:41) | WARNING: NVML: Failed to get maximum GPU power draw, defaulting to 225W: Not Supported

2024/04/22 (00:18:43) | ===> btop++ v.1.3.2
2024/04/22 (00:18:43) | WARNING: NVML: Failed to get maximum GPU power draw, defaulting to 225W: Not Supported

2024/04/22 (00:18:53) | ===> btop++ v.1.3.2
2024/04/22 (00:18:53) | WARNING: NVML: Failed to get maximum GPU power draw, defaulting to 225W: Not Supported

2024/04/22 (00:19:03) | ===> btop++ v.1.3.2
2024/04/22 (00:19:03) | WARNING: NVML: Failed to get maximum GPU power draw, defaulting to 225W: Not Supported

2024/04/22 (00:27:51) | ===> btop++ v.1.3.2
2024/04/22 (00:27:51) | WARNING: NVML: Failed to get maximum GPU power draw, defaulting to 225W: Not Supported

2024/04/22 (00:28:16) | ===> btop++ v.1.3.2
2024/04/22 (00:28:16) | WARNING: NVML: Failed to get maximum GPU power draw, defaulting to 225W: Not Supported

2024/04/22 (01:33:21) | ===> btop++ v.1.3.2
2024/04/22 (01:33:21) | WARNING: NVML: Failed to get maximum GPU power draw, defaulting to 225W: Not Supported

2024/04/22 (01:34:27) | ===> btop++ v.1.3.2
2024/04/22 (01:34:27) | WARNING: NVML: Failed to get maximum GPU power draw, defaulting to 225W: Not Supported

2024/04/22 (01:37:05) | ===> btop++ v.1.3.2
2024/04/22 (01:37:05) | WARNING: NVML: Failed to get maximum GPU power draw, defaulting to 225W: Not Supported

2024/04/22 (01:37:13) | ===> btop++ v.1.3.2
2024/04/22 (01:37:13) | WARNING: NVML: Failed to get maximum GPU power draw, defaulting to 225W: Not Supported

2024/04/22 (01:37:58) | ===> btop++ v.1.3.2
2024/04/22 (01:37:58) | WARNING: NVML: Failed to get maximum GPU power draw, defaulting to 225W: Not Supported

2024/04/22 (01:39:17) | ===> btop++ v.1.3.2
2024/04/22 (01:39:17) | WARNING: NVML: Failed to get maximum GPU power draw, defaulting to 225W: Not Supported

2024/04/22 (05:47:01) | ===> btop++ v.1.3.2
2024/04/22 (05:47:01) | WARNING: NVML: Failed to get maximum GPU power draw, defaulting to 225W: Not Supported

2024/04/22 (06:19:14) | ===> btop++ v.1.3.2
2024/04/22 (06:19:14) | WARNING: NVML: Failed to get maximum GPU power draw, defaulting to 225W: Not Supported

2024/04/23 (03:23:15) | ===> btop++ v.1.3.2
2024/04/23 (03:23:15) | WARNING: NVML: Failed to get maximum GPU power draw, defaulting to 225W: Not Supported

2024/04/23 (04:08:33) | ===> btop++ v.1.3.2
2024/04/23 (04:08:33) | WARNING: NVML: Failed to get maximum GPU power draw, defaulting to 225W: Not Supported

2024/04/23 (04:08:43) | ===> btop++ v.1.3.2
2024/04/23 (04:08:43) | WARNING: NVML: Failed to get maximum GPU power draw, defaulting to 225W: Not Supported

2024/04/24 (05:40:07) | ===> btop++ v.1.3.2
2024/04/24 (05:40:07) | WARNING: NVML: Failed to get maximum GPU power draw, defaulting to 225W: Not Supported

2024/04/24 (06:20:43) | ===> btop++ v.1.3.2
2024/04/24 (06:20:43) | WARNING: NVML: Failed to get maximum GPU power draw, defaulting to 225W: Not Supported

2024/04/25 (06:51:36) | ===> btop++ v.1.3.2
2024/04/25 (06:51:36) | WARNING: NVML: Failed to get maximum GPU power draw, defaulting to 225W: Not Supported

2024/04/25 (06:51:47) | ===> btop++ v.1.3.2
2024/04/25 (06:51:47) | WARNING: NVML: Failed to get maximum GPU power draw, defaulting to 225W: Not Supported

2024/04/25 (10:02:58) | ===> btop++ v.1.3.2
2024/04/25 (10:02:58) | WARNING: NVML: Failed to get maximum GPU power draw, defaulting to 225W: Not Supported

2024/04/25 (10:02:59) | ===> btop++ v.1.3.2
2024/04/25 (10:02:59) | WARNING: NVML: Failed to get maximum GPU power draw, defaulting to 225W: Not Supported

2024/04/25 (10:59:10) | ===> btop++ v.1.3.2
2024/04/25 (10:59:10) | WARNING: NVML: Failed to get maximum GPU power draw, defaulting to 225W: Not Supported

2024/04/25 (11:04:19) | ===> btop++ v.1.3.2
2024/04/25 (11:04:19) | WARNING: NVML: Failed to get maximum GPU power draw, defaulting to 225W: Not Supported

2024/04/25 (12:04:15) | ===> btop++ v.1.3.2
2024/04/25 (12:04:15) | WARNING: NVML: Failed to get maximum GPU power draw, defaulting to 225W: Not Supported

2024/04/25 (14:04:34) | ===> btop++ v.1.3.2
2024/04/25 (14:04:34) | WARNING: NVML: Failed to get maximum GPU power draw, defaulting to 225W: Not Supported

2024/04/26 (11:49:22) | ===> btop++ v.1.3.2
2024/04/26 (11:49:22) | WARNING: NVML: Failed to get maximum GPU power draw, defaulting to 225W: Not Supported

2024/04/26 (13:04:42) | ===> btop++ v.1.3.2
2024/04/26 (13:04:42) | WARNING: NVML: Failed to get maximum GPU power draw, defaulting to 225W: Not Supported

2024/04/26 (14:55:27) | ===> btop++ v.1.3.2
2024/04/26 (14:55:27) | WARNING: NVML: Failed to get maximum GPU power draw, defaulting to 225W: Not Supported

2024/04/26 (15:28:20) | ===> btop++ v.1.3.2
2024/04/26 (15:28:20) | WARNING: NVML: Failed to get maximum GPU power draw, defaulting to 225W: Not Supported

2024/04/27 (11:02:00) | ===> btop++ v.1.3.2
2024/04/27 (11:02:00) | WARNING: NVML: Failed to get maximum GPU power draw, defaulting to 225W: Not Supported

2024/04/27 (11:02:56) | ===> btop++ v.1.3.2
2024/04/27 (11:02:56) | WARNING: NVML: Failed to get maximum GPU power draw, defaulting to 225W: Not Supported

2024/04/27 (11:03:19) | ===> btop++ v.1.3.2
2024/04/27 (11:03:19) | WARNING: NVML: Failed to get maximum GPU power draw, defaulting to 225W: Not Supported

2024/04/27 (11:04:32) | ===> btop++ v.1.3.2
2024/04/27 (11:04:32) | WARNING: NVML: Failed to get maximum GPU power draw, defaulting to 225W: Not Supported

2024/04/27 (15:34:41) | ===> btop++ v.1.3.2
2024/04/27 (15:34:41) | WARNING: NVML: Failed to get maximum GPU power draw, defaulting to 225W: Not Supported

2024/04/29 (10:47:45) | ===> btop++ v.1.3.2
2024/04/29 (10:47:45) | WARNING: NVML: Failed to get maximum GPU power draw, defaulting to 225W: Not Supported

2024/04/29 (13:18:22) | ===> btop++ v.1.3.2
2024/04/29 (13:18:22) | WARNING: NVML: Failed to get maximum GPU power draw, defaulting to 225W: Not Supported

2024/04/30 (12:38:40) | ===> btop++ v.1.3.2
2024/04/30 (12:38:40) | WARNING: NVML: Failed to get maximum GPU power draw, defaulting to 225W: Not Supported

2024/04/30 (12:45:48) | ===> btop++ v.1.3.2
2024/04/30 (12:45:48) | WARNING: NVML: Failed to get maximum GPU power draw, defaulting to 225W: Not Supported

2024/04/30 (16:44:37) | ===> btop++ v.1.3.2
2024/04/30 (16:44:37) | WARNING: NVML: Failed to get maximum GPU power draw, defaulting to 225W: Not Supported

2024/05/01 (19:07:16) | ===> btop++ v.1.3.2
2024/05/01 (19:07:16) | WARNING: NVML: Failed to get maximum GPU power draw, defaulting to 225W: Not Supported

2024/05/01 (16:58:48) | ===> btop++ v.1.3.2
2024/05/01 (16:58:48) | WARNING: NVML: Failed to get maximum GPU power draw, defaulting to 225W: Not Supported

2024/05/01 (18:54:33) | ===> btop++ v.1.3.2
2024/05/01 (18:54:33) | WARNING: NVML: Failed to get maximum GPU power draw, defaulting to 225W: Not Supported

2024/05/01 (18:57:13) | ===> btop++ v.1.3.2
2024/05/01 (18:57:13) | WARNING: NVML: Failed to get maximum GPU power draw, defaulting to 225W: Not Supported

2024/05/01 (21:27:53) | ===> btop++ v.1.3.2
2024/05/01 (21:27:53) | WARNING: NVML: Failed to get maximum GPU power draw, defaulting to 225W: Not Supported

2024/05/02 (15:31:58) | ===> btop++ v.1.3.2
2024/05/02 (15:31:58) | WARNING: NVML: Failed to get maximum GPU power draw, defaulting to 225W: Not Supported

2024/05/02 (15:43:51) | ===> btop++ v.1.3.2
2024/05/02 (15:43:51) | WARNING: NVML: Failed to get maximum GPU power draw, defaulting to 225W: Not Supported

2024/05/02 (20:31:40) | ===> btop++ v.1.3.2
2024/05/02 (20:31:40) | WARNING: NVML: Failed to get maximum GPU power draw, defaulting to 225W: Not Supported

2024/05/04 (04:30:36) | ===> btop++ v.1.3.2
2024/05/04 (04:30:36) | WARNING: NVML: Failed to get maximum GPU power draw, defaulting to 225W: Not Supported

2024/05/04 (07:16:35) | ===> btop++ v.1.3.2
2024/05/04 (07:16:35) | WARNING: NVML: Failed to get maximum GPU power draw, defaulting to 225W: Not Supported

2024/05/04 (07:16:58) | ===> btop++ v.1.3.2
2024/05/04 (07:16:58) | WARNING: NVML: Failed to get maximum GPU power draw, defaulting to 225W: Not Supported

2024/05/04 (07:32:42) | ===> btop++ v.1.3.2
2024/05/04 (07:32:42) | WARNING: NVML: Failed to get maximum GPU power draw, defaulting to 225W: Not Supported

2024/05/05 (15:52:20) | ===> btop++ v.1.3.2
2024/05/05 (15:52:20) | WARNING: NVML: Failed to get maximum GPU power draw, defaulting to 225W: Not Supported

2024/05/05 (15:55:06) | ===> btop++ v.1.3.2
2024/05/05 (15:55:06) | WARNING: NVML: Failed to get maximum GPU power draw, defaulting to 225W: Not Supported

2024/05/05 (16:20:31) | ===> btop++ v.1.3.2
2024/05/05 (16:20:31) | WARNING: NVML: Failed to get maximum GPU power draw, defaulting to 225W: Not Supported

2024/05/05 (18:06:22) | ===> btop++ v.1.3.2
2024/05/05 (18:06:22) | WARNING: NVML: Failed to get maximum GPU power draw, defaulting to 225W: Not Supported

2024/05/06 (15:32:10) | ===> btop++ v.1.3.2
2024/05/06 (15:32:10) | WARNING: NVML: Failed to get maximum GPU power draw, defaulting to 225W: Not Supported

2024/05/06 (15:32:53) | ===> btop++ v.1.3.2
2024/05/06 (15:32:53) | WARNING: NVML: Failed to get maximum GPU power draw, defaulting to 225W: Not Supported

2024/05/06 (15:42:51) | ===> btop++ v.1.3.2
2024/05/06 (15:42:51) | WARNING: NVML: Failed to get maximum GPU power draw, defaulting to 225W: Not Supported

2024/05/06 (16:28:19) | ===> btop++ v.1.3.2
2024/05/06 (16:28:19) | WARNING: NVML: Failed to get maximum GPU power draw, defaulting to 225W: Not Supported

2024/05/06 (16:28:46) | ===> btop++ v.1.3.2
2024/05/06 (16:28:46) | WARNING: NVML: Failed to get maximum GPU power draw, defaulting to 225W: Not Supported

2024/05/06 (17:03:09) | ===> btop++ v.1.3.2
2024/05/06 (17:03:09) | WARNING: NVML: Failed to get maximum GPU power draw, defaulting to 225W: Not Supported

2024/05/06 (18:58:48) | ===> btop++ v.1.3.2
2024/05/06 (18:58:48) | WARNING: NVML: Failed to get maximum GPU power draw, defaulting to 225W: Not Supported
2024/05/06 (19:15:51) | ERROR: Stall in Runner thread, restarting!

2024/05/06 (19:18:48) | ===> btop++ v.1.3.2
2024/05/06 (19:18:48) | WARNING: NVML: Failed to get maximum GPU power draw, defaulting to 225W: Not Supported

2024/05/06 (19:51:26) | ===> btop++ v.1.3.2
2024/05/06 (19:51:26) | WARNING: NVML: Failed to get maximum GPU power draw, defaulting to 225W: Not Supported
2024/05/06 (19:51:35) | WARNING: Failed to join _runner thread on exit!

2024/05/06 (20:56:38) | ===> btop++ v.1.3.2
2024/05/06 (20:56:38) | WARNING: NVML: Failed to get maximum GPU power draw, defaulting to 225W: Not Supported

2024/05/06 (21:13:05) | ===> btop++ v.1.3.2
2024/05/06 (21:13:05) | WARNING: NVML: Failed to get maximum GPU power draw, defaulting to 225W: Not Supported

2024/05/07 (04:10:41) | ===> btop++ v.1.3.2
2024/05/07 (04:10:41) | WARNING: NVML: Failed to get maximum GPU power draw, defaulting to 225W: Not Supported

2024/05/07 (12:57:36) | ===> btop++ v.1.3.2
2024/05/07 (12:57:36) | WARNING: NVML: Failed to get maximum GPU power draw, defaulting to 225W: Not Supported

2024/05/07 (16:25:38) | ===> btop++ v.1.3.2
2024/05/07 (16:25:38) | WARNING: NVML: Failed to get maximum GPU power draw, defaulting to 225W: Not Supported

2024/05/07 (18:16:23) | ===> btop++ v.1.3.2
2024/05/07 (18:16:23) | WARNING: NVML: Failed to get maximum GPU power draw, defaulting to 225W: Not Supported

2024/05/09 (14:00:15) | ===> btop++ v.1.3.2
2024/05/09 (14:00:15) | WARNING: NVML: Failed to get maximum GPU power draw, defaulting to 225W: Not Supported

2024/05/09 (16:59:26) | ===> btop++ v.1.3.2
2024/05/09 (16:59:26) | WARNING: NVML: Failed to get maximum GPU power draw, defaulting to 225W: Not Supported

2024/05/11 (00:30:36) | ===> btop++ v.1.3.2
2024/05/11 (00:30:36) | WARNING: NVML: Failed to get maximum GPU power draw, defaulting to 225W: Not Supported

2024/05/11 (05:28:43) | ===> btop++ v.1.3.2
2024/05/11 (05:28:43) | WARNING: NVML: Failed to get maximum GPU power draw, defaulting to 225W: Not Supported

2024/05/11 (05:29:21) | ===> btop++ v.1.3.2
2024/05/11 (05:29:21) | WARNING: NVML: Failed to get maximum GPU power draw, defaulting to 225W: Not Supported

2024/05/11 (13:53:33) | ===> btop++ v.1.3.2
2024/05/11 (13:53:33) | WARNING: NVML: Failed to get maximum GPU power draw, defaulting to 225W: Not Supported

2024/05/14 (02:04:57) | ===> btop++ v.1.3.2
2024/05/14 (02:04:57) | WARNING: NVML: Failed to get maximum GPU power draw, defaulting to 225W: Not Supported

2024/05/14 (05:00:20) | ===> btop++ v.1.3.2
2024/05/14 (05:00:20) | WARNING: NVML: Failed to get maximum GPU power draw, defaulting to 225W: Not Supported

2024/05/15 (07:21:52) | ===> btop++ v.1.3.2
2024/05/15 (07:21:52) | WARNING: NVML: Failed to get maximum GPU power draw, defaulting to 225W: Not Supported

2024/05/15 (22:53:17) | ===> btop++ v.1.3.2
2024/05/15 (22:53:17) | WARNING: NVML: Failed to get maximum GPU power draw, defaulting to 225W: Not Supported

2024/05/16 (06:50:49) | ===> btop++ v.1.3.2
2024/05/16 (06:50:49) | WARNING: NVML: Failed to get maximum GPU power draw, defaulting to 225W: Not Supported

2024/05/16 (12:33:39) | ===> btop++ v.1.3.2
2024/05/16 (12:33:39) | WARNING: NVML: Failed to get maximum GPU power draw, defaulting to 225W: Not Supported

2024/05/17 (07:28:52) | ===> btop++ v.1.3.2
2024/05/17 (07:28:52) | WARNING: NVML: Failed to get maximum GPU power draw, defaulting to 225W: Not Supported

2024/05/17 (10:16:16) | ===> btop++ v.1.3.2
2024/05/17 (10:16:16) | WARNING: NVML: Failed to get maximum GPU power draw, defaulting to 225W: Not Supported

2024/05/17 (10:31:41) | ===> btop++ v.1.3.2
2024/05/17 (10:31:41) | WARNING: NVML: Failed to get maximum GPU power draw, defaulting to 225W: Not Supported

2024/05/18 (02:19:40) | ===> btop++ v.1.3.2
2024/05/18 (02:19:40) | WARNING: NVML: Failed to get maximum GPU power draw, defaulting to 225W: Not Supported

2024/05/18 (09:55:58) | ===> btop++ v.1.3.2
2024/05/18 (09:55:58) | WARNING: NVML: Failed to get maximum GPU power draw, defaulting to 225W: Not Supported

2024/05/19 (14:00:37) | ===> btop++ v.1.3.2
2024/05/19 (14:00:37) | WARNING: NVML: Failed to get maximum GPU power draw, defaulting to 225W: Not Supported

2024/05/19 (14:00:57) | ===> btop++ v.1.3.2
2024/05/19 (14:00:57) | WARNING: NVML: Failed to get maximum GPU power draw, defaulting to 225W: Not Supported

2024/05/19 (16:49:15) | ===> btop++ v.1.3.2
2024/05/19 (16:49:15) | WARNING: NVML: Failed to get maximum GPU power draw, defaulting to 225W: Not Supported

2024/05/20 (11:08:12) | ===> btop++ v.1.3.2
2024/05/20 (11:08:12) | WARNING: NVML: Failed to get maximum GPU power draw, defaulting to 225W: Not Supported

2024/05/20 (11:10:29) | ===> btop++ v.1.3.2
2024/05/20 (11:10:29) | WARNING: NVML: Failed to get maximum GPU power draw, defaulting to 225W: Not Supported

2024/05/21 (13:48:20) | ===> btop++ v.1.3.2
2024/05/21 (13:48:20) | WARNING: NVML: Failed to get maximum GPU power draw, defaulting to 225W: Not Supported

2024/05/22 (17:52:29) | ===> btop++ v.1.3.2
2024/05/22 (17:52:29) | WARNING: NVML: Failed to get maximum GPU power draw, defaulting to 225W: Not Supported

2024/05/23 (07:42:35) | ===> btop++ v.1.3.2
2024/05/23 (07:42:35) | WARNING: NVML: Failed to get maximum GPU power draw, defaulting to 225W: Not Supported

2024/05/23 (12:17:27) | ===> btop++ v.1.3.2
2024/05/23 (12:17:27) | WARNING: NVML: Failed to get maximum GPU power draw, defaulting to 225W: Not Supported

2024/05/23 (12:42:35) | ===> btop++ v.1.3.2
2024/05/23 (12:42:35) | WARNING: NVML: Failed to get maximum GPU power draw, defaulting to 225W: Not Supported

2024/05/23 (14:59:47) | ===> btop++ v.1.3.2
2024/05/23 (14:59:47) | WARNING: NVML: Failed to get maximum GPU power draw, defaulting to 225W: Not Supported

2024/05/23 (15:01:15) | ===> btop++ v.1.3.2
2024/05/23 (15:01:15) | WARNING: NVML: Failed to get maximum GPU power draw, defaulting to 225W: Not Supported

2024/05/23 (15:15:19) | ===> btop++ v.1.3.2
2024/05/23 (15:15:19) | WARNING: NVML: Failed to get maximum GPU power draw, defaulting to 225W: Not Supported

2024/05/24 (10:58:28) | ===> btop++ v.1.3.2
2024/05/24 (10:58:28) | WARNING: NVML: Failed to get maximum GPU power draw, defaulting to 225W: Not Supported

2024/05/25 (16:40:54) | ===> btop++ v.1.3.2
2024/05/25 (16:40:54) | WARNING: NVML: Failed to get maximum GPU power draw, defaulting to 225W: Not Supported

2024/05/25 (19:11:26) | ===> btop++ v.1.3.2
2024/05/25 (19:11:26) | WARNING: NVML: Failed to get maximum GPU power draw, defaulting to 225W: Not Supported

2024/05/25 (19:50:01) | ===> btop++ v.1.3.2
2024/05/25 (19:50:01) | WARNING: NVML: Failed to get maximum GPU power draw, defaulting to 225W: Not Supported

2024/05/26 (11:09:40) | ===> btop++ v.1.3.2
2024/05/26 (11:09:40) | WARNING: NVML: Failed to get maximum GPU power draw, defaulting to 225W: Not Supported

2024/05/26 (12:05:35) | ===> btop++ v.1.3.2
2024/05/26 (12:05:35) | WARNING: NVML: Failed to get maximum GPU power draw, defaulting to 225W: Not Supported

2024/05/26 (12:05:49) | ===> btop++ v.1.3.2
2024/05/26 (12:05:49) | WARNING: NVML: Failed to get maximum GPU power draw, defaulting to 225W: Not Supported

2024/05/26 (14:24:55) | ===> btop++ v.1.3.2
2024/05/26 (14:24:55) | WARNING: NVML: Failed to get maximum GPU power draw, defaulting to 225W: Not Supported

2024/05/26 (17:29:48) | ===> btop++ v.1.3.2
2024/05/26 (17:29:48) | WARNING: NVML: Failed to get maximum GPU power draw, defaulting to 225W: Not Supported

2024/05/26 (18:26:29) | ===> btop++ v.1.3.2
2024/05/26 (18:26:29) | WARNING: NVML: Failed to get maximum GPU power draw, defaulting to 225W: Not Supported

2024/05/26 (21:36:30) | ===> btop++ v.1.3.2
2024/05/26 (21:36:30) | WARNING: NVML: Failed to get maximum GPU power draw, defaulting to 225W: Not Supported

2024/05/29 (13:55:59) | ===> btop++ v.1.3.2
2024/05/29 (13:55:59) | WARNING: NVML: Failed to get maximum GPU power draw, defaulting to 225W: Not Supported

2024/05/29 (15:15:47) | ===> btop++ v.1.3.2
2024/05/29 (15:15:47) | WARNING: NVML: Failed to get maximum GPU power draw, defaulting to 225W: Not Supported

2024/05/30 (02:41:04) | ===> btop++ v.1.3.2
2024/05/30 (02:41:04) | WARNING: NVML: Failed to get maximum GPU power draw, defaulting to 225W: Not Supported

2024/05/30 (02:41:48) | ===> btop++ v.1.3.2
2024/05/30 (02:41:48) | WARNING: NVML: Failed to get maximum GPU power draw, defaulting to 225W: Not Supported

2024/05/30 (02:43:39) | ===> btop++ v.1.3.2
2024/05/30 (02:43:39) | WARNING: NVML: Failed to get maximum GPU power draw, defaulting to 225W: Not Supported
